at-7
nf-4
at-7
gm-4
nf-4
at-7
gm-4
at-7
nf-4
eg--8
nf-4
at-7
gm-4
eg--8
gm-4
at-7
nf-4
ic--9
eg--8
gm-4
at-7
nf-4
nk-3
eg--8
gm-4
at-7
nf-4
ic--9
jz-3
nk-3
jz-3
nf-4
eg--8
at-7
gm-4
ic--9
mb--8
ag-2
nk-3
jz-3
nf-4
eg--8
at-7
gm-4
ic--9
mb--8
ag-2
nk-3
jz-3
nf-4
eg--8
at-7
gm-4
ic--9
mb--8
ag-2
nk-3
jz-3
nf-4
eg--8
at-7
gm-4
ic--9
mb--8
ic--9
gm-4
at-7
eg--8
nf-4
jz-3
nk-3
ag-2
ic--9
mb--8
eg--8
at-7
gm-4
mb--8
ic--9
gm-4
at-7
eg--8
nf-4
jz-3
nk-3
ag-2
kd--10
mb--8
ag-2
nk-3
jz-3
nf-4
eg--8
at-7
gm-4
ic--9
hr--2
mb--8
ag-2
nk-3
jz-3
nf-4
eg--8
at-7
gm-4
ic--9
kd--10
bk-9
hr--2
kd--10
ic--9
gm-4
at-7
eg--8
nf-4
jz-3
nk-3
ag-2
mb--8
pz--2
hr--2
kd--10
ic--9
gm-4
at-7
eg--8
nf-4
jz-3
nk-3
ag-2
mb--8
bk-9
ck--2
bk-9
mb--8
ag-2
nk-3
jz-3
nf-4
eg--8
at-7
gm-4
ic--9
kd--10
hr--2
pz--2
ys--3
ck--2
pz--2
hr--2
rj-5
kd--10
ic--9
gm-4
at-7
eg--8
nf-4
jz-3
nk-3
ag-2
mb--8
bk-9
ys--3
ck--2
pz--2
hr--2
rj-5
kd--10
ic--9
gm-4
at-7
eg--8
nf-4
jz-3
nk-3
ag-2
mb--8
bk-9
ys--3
bk-9
mb--8
ag-2
nk-3
jz-3
nf-4
eg--8
at-7
gm-4
ic--9
kd--10
rj-5
hr--2
pz--2
ck--2
kd--10
rj-5
hr--2
pz--2
ck--2
ys--3
ic--9
ys--3
bk-9
mb--8
ag-2
nk-3
jz-3
nf-4
eg--8
at-7
gm-4
ic--9
kd--10
rj-5
hr--2
pz--2
ck--2
kd--10
rj-5
hr--2
pz--2
ck--2
ys--3
ic--9
ys--3
ck--2
pz--2
hr--2
rj-5
kd--10
ic--9
gm-4
at-7
eg--8
nf-4
jz-3
nk-3
ag-2
mb--8
bk-9
bm--5
bk-9
mb--8
ag-2
nk-3
jz-3
nf-4
eg--8
at-7
gm-4
ic--9
kd--10
rj-5
hr--2
pz--2
ck--2
ys--3
fp-8
kd--10
ic--9
gm-4
at-7
eg--8
nf-4
jz-3
nk-3
ag-2
mb--8
bk-9
bm--5
ys--3
ck--2
pz--2
hr--2
rj-5
lc--1
bk-9
mb--8
ag-2
nk-3
jz-3
nf-4
eg--8
at-7
gm-4
ic--9
kd--10
fp-8
rj-5
hr--2
pz--2
ck--2
ys--3
bm--5
lc--1
fp-8
gm-4
at-7
nf-4
bm--5
jz-3
nk-3
ys--3
ck--2
ag-2
bk-9
pz--2
hr--2
kd--10
ic--9
eg--8
mb--8
rj-5
lc--1
fp-8
gm-4
at-7
nf-4
bm--5
jz-3
nk-3
ys--3
ck--2
ag-2
bk-9
pz--2
hr--2
kd--10
ic--9
eg--8
mb--8
rj-5
kd--10
ic--9
eg--8
mb--8
pz--2
hr--2
lc--1
fp-8
gm-4
at-7
nf-4
bm--5
jz-3
nk-3
ys--3
ck--2
ag-2
bk-9
pz--2
hr--2
kd--10
ic--9
eg--8
mb--8
rj-5
ap--9
ck--2
ys--3
bm--5
lc--1
mb--8
nk-3
eg--8
jz-3
nf-4
at-7
gm-4
ic--9
fp-8
rj-5
kd--10
hr--2
bk-9
pz--2
ag-2
ul--10
rj-5
pz--2
ap--9
ck--2
bk-9
ag-2
ys--3
nk-3
jz-3
nf-4
at-7
bm--5
gm-4
lc--1
mb--8
eg--8
ic--9
kd--10
hr--2
fp-8
nz--10
ag-2
ys--3
nk-3
jz-3
nf-4
at-7
bm--5
gm-4
lc--1
mb--8
eg--8
ic--9
kd--10
hr--2
fp-8
ul--10
rj-5
pz--2
ap--9
ck--2
bk-9
in--10
nz--10
ag-2
ys--3
nk-3
jz-3
nf-4
at-7
bm--5
gm-4
lc--1
mb--8
eg--8
ic--9
kd--10
hr--2
fp-8
ul--10
rj-5
pz--2
ap--9
ck--2
bk-9
nz--10
in--10
bk-9
ck--2
ap--9
pz--2
rj-5
ul--10
fp-8
hr--2
kd--10
ic--9
eg--8
mb--8
lc--1
gm-4
bm--5
ys--3
ag-2
kw--2
bk-9
ck--2
ap--9
pz--2
rj-5
ul--10
fp-8
hr--2
kd--10
ic--9
eg--8
mb--8
lc--1
gm-4
bm--5
at-7
nf-4
jz-3
nk-3
ys--3
ag-2
nz--10
in--10
ss-3
nz--10
in--10
ss-3
kw--2
bk-9
ck--2
ap--9
pz--2
rj-5
ul--10
fp-8
hr--2
kd--10
ic--9
eg--8
mb--8
lc--1
gm-4
bm--5
ys--3
ag-2
kw--2
bk-9
ck--2
ap--9
pz--2
rj-5
ul--10
fp-8
hr--2
kd--10
ic--9
eg--8
mb--8
lc--1
gm-4
bm--5
at-7
nf-4
jz-3
nk-3
ys--3
ag-2
nz--10
in--10
ss-3
kw--2
bk-9
ck--2
ap--9
pz--2
rj-5
ul--10
fp-8
hr--2
kd--10
ic--9
eg--8
mb--8
lc--1
gm-4
bm--5
at-7
nf-4
jz-3
nk-3
ys--3
ag-2
nz--10
in--10
ss-3
kw--2
ss-3
in--10
nz--10
ag-2
ys--3
nk-3
jz-3
nf-4
at-7
bm--5
gm-4
lc--1
mb--8
eg--8
ic--9
kd--10
hr--2
fp-8
ul--10
rj-5
pz--2
ap--9
ck--2
bk-9
io-1
mw--3
vl--9
kw--2
bk-9
ck--2
ap--9
pz--2
rj-5
ul--10
fp-8
hr--2
kd--10
ic--9
eg--8
mb--8
lc--1
gm-4
bm--5
at-7
nf-4
jz-3
nk-3
ys--3
ag-2
nz--10
in--10
ss-3
kw--2
bk-9
ck--2
ap--9
pz--2
rj-5
ul--10
fp-8
hr--2
kd--10
ic--9
eg--8
mb--8
lc--1
gm-4
bm--5
at-7
nf-4
jz-3
nk-3
ys--3
ag-2
nz--10
in--10
ss-3
kw--2
bk-9
ck--2
ap--9
pz--2
rj-5
ul--10
fp-8
hr--2
kd--10
ic--9
eg--8
mb--8
lc--1
gm-4
bm--5
at-7
nf-4
jz-3
nk-3
ys--3
ag-2
nz--10
in--10
ss-3
kw--2
bk-9
ck--2
ap--9
pz--2
rj-5
ul--10
fp-8
hr--2
kd--10
ic--9
eg--8
mb--8
lc--1
gm-4
bm--5
at-7
nf-4
jz-3
nk-3
ys--3
ag-2
nz--10
in--10
ss-3
kw--2
ss-3
in--10
nz--10
ag-2
ys--3
nk-3
jz-3
nf-4
at-7
bm--5
gm-4
lc--1
mb--8
eg--8
ic--9
kd--10
hr--2
fp-8
ul--10
rj-5
pz--2
ap--9
ck--2
bk-9
kw--2
ss-3
in--10
nz--10
ag-2
ys--3
nk-3
jz-3
nf-4
at-7
bm--5
gm-4
lc--1
mb--8
eg--8
ic--9
kd--10
hr--2
fp-8
ul--10
rj-5
pz--2
ap--9
ck--2
bk-9
kw--2
bk-9
ck--2
ap--9
pz--2
rj-5
ul--10
fp-8
hr--2
kd--10
ic--9
eg--8
mb--8
lc--1
gm-4
bm--5
at-7
nf-4
jz-3
nk-3
ys--3
ag-2
nz--10
in--10
ss-3
kw--2
ss-3
in--10
nz--10
ag-2
ys--3
nk-3
jz-3
nf-4
at-7
bm--5
gm-4
lc--1
mb--8
eg--8
ic--9
kd--10
hr--2
fp-8
ul--10
rj-5
pz--2
ap--9
ck--2
bk-9
kw--2
bk-9
ck--2
ap--9
pz--2
rj-5
ul--10
fp-8
hr--2
kd--10
ic--9
eg--8
mb--8
lc--1
gm-4
bm--5
at-7
nf-4
jz-3
nk-3
ys--3
ag-2
nz--10
in--10
ss-3
qx-5
fe--5
ty--4
mw--3
bb-3
ft-3
io-1
cn-1
